1658196308265	geckodriver	INFO	geckodriver 0.20.1
1658196308277	geckodriver	INFO	Listening on 127.0.0.1:65346
1658196310299	mozrunner::runner	INFO	Running command: "e:\\Program Files\\Mozilla Firefox\\firefox.exe" "-marionette" "-profile" "C:\\Users\\hfzj1\\AppData\\Local\\Temp\\rust_mozprofile.62WdXwGoYKbD"
Unable to read VR Path Registry from C:\Users\hfzj1\AppData\Local\openvr\openvrpaths.vrpath
1658196310742	Marionette	INFO	Enabled via --marionette
1658196311632	Marionette	INFO	Listening on port 65353
1658196312344	Marionette	WARN	TLS certificate errors will be ignored for this session
*** UTM:SVC TimerManager:registerTimer called after profile-before-change notification. Ignoring timer registration for id: telemetry_modules_ping
1658198172740	geckodriver	INFO	geckodriver 0.20.1
1658198172751	geckodriver	INFO	Listening on 127.0.0.1:50646
1658198174766	mozrunner::runner	INFO	Running command: "e:\\Program Files\\Mozilla Firefox\\firefox.exe" "-marionette" "-profile" "C:\\Users\\hfzj1\\AppData\\Local\\Temp\\rust_mozprofile.5U0jSw4CruaH"
Unable to read VR Path Registry from C:\Users\hfzj1\AppData\Local\openvr\openvrpaths.vrpath
1658198175242	Marionette	INFO	Enabled via --marionette
1658198176234	Marionette	INFO	Listening on port 50653
1658198176813	Marionette	WARN	TLS certificate errors will be ignored for this session
*** UTM:SVC TimerManager:registerTimer called after profile-before-change notification. Ignoring timer registration for id: telemetry_modules_ping
1658198203846	geckodriver	INFO	geckodriver 0.20.1
1658198203857	geckodriver	INFO	Listening on 127.0.0.1:50714
1658198205889	mozrunner::runner	INFO	Running command: "e:\\Program Files\\Mozilla Firefox\\firefox.exe" "-marionette" "-profile" "C:\\Users\\hfzj1\\AppData\\Local\\Temp\\rust_mozprofile.S10tD3JWlqpo"
Unable to read VR Path Registry from C:\Users\hfzj1\AppData\Local\openvr\openvrpaths.vrpath
1658198206320	Marionette	INFO	Enabled via --marionette
1658198207167	Marionette	INFO	Listening on port 50722
1658198207918	Marionette	WARN	TLS certificate errors will be ignored for this session
*** UTM:SVC TimerManager:registerTimer called after profile-before-change notification. Ignoring timer registration for id: telemetry_modules_ping
1658198289643	geckodriver	INFO	geckodriver 0.20.1
1658198289654	geckodriver	INFO	Listening on 127.0.0.1:50815
1658198291684	mozrunner::runner	INFO	Running command: "e:\\Program Files\\Mozilla Firefox\\firefox.exe" "-marionette" "-profile" "C:\\Users\\hfzj1\\AppData\\Local\\Temp\\rust_mozprofile.lrQ2vGCg0qVk"
Unable to read VR Path Registry from C:\Users\hfzj1\AppData\Local\openvr\openvrpaths.vrpath
1658198292112	Marionette	INFO	Enabled via --marionette
1658198292973	Marionette	INFO	Listening on port 50822
1658198293719	Marionette	WARN	TLS certificate errors will be ignored for this session
*** UTM:SVC TimerManager:registerTimer called after profile-before-change notification. Ignoring timer registration for id: telemetry_modules_ping
1658198304626	geckodriver	INFO	geckodriver 0.20.1
1658198304636	geckodriver	INFO	Listening on 127.0.0.1:50854
1658198306664	mozrunner::runner	INFO	Running command: "e:\\Program Files\\Mozilla Firefox\\firefox.exe" "-marionette" "-profile" "C:\\Users\\hfzj1\\AppData\\Local\\Temp\\rust_mozprofile.8lyUnXONEL8A"
Unable to read VR Path Registry from C:\Users\hfzj1\AppData\Local\openvr\openvrpaths.vrpath
1658198307097	Marionette	INFO	Enabled via --marionette
1658198307989	Marionette	INFO	Listening on port 50861
1658198308702	Marionette	WARN	TLS certificate errors will be ignored for this session
*** UTM:SVC TimerManager:registerTimer called after profile-before-change notification. Ignoring timer registration for id: telemetry_modules_ping
1658198372694	geckodriver	INFO	geckodriver 0.20.1
1658198372707	geckodriver	INFO	Listening on 127.0.0.1:50941
1658198374735	mozrunner::runner	INFO	Running command: "e:\\Program Files\\Mozilla Firefox\\firefox.exe" "-marionette" "-profile" "C:\\Users\\hfzj1\\AppData\\Local\\Temp\\rust_mozprofile.jyIZVcqBad8L"
Unable to read VR Path Registry from C:\Users\hfzj1\AppData\Local\openvr\openvrpaths.vrpath
1658198375164	Marionette	INFO	Enabled via --marionette
1658198376021	Marionette	INFO	Listening on port 50948
1658198376775	Marionette	WARN	TLS certificate errors will be ignored for this session
*** UTM:SVC TimerManager:registerTimer called after profile-before-change notification. Ignoring timer registration for id: telemetry_modules_ping
1658198858184	geckodriver	INFO	geckodriver 0.20.1
1658198858196	geckodriver	INFO	Listening on 127.0.0.1:51413
1658198860219	mozrunner::runner	INFO	Running command: "e:\\Program Files\\Mozilla Firefox\\firefox.exe" "-marionette" "-profile" "C:\\Users\\hfzj1\\AppData\\Local\\Temp\\rust_mozprofile.aAStqej1fxDN"
Unable to read VR Path Registry from C:\Users\hfzj1\AppData\Local\openvr\openvrpaths.vrpath
1658198860678	Marionette	INFO	Enabled via --marionette
1658198861625	Marionette	INFO	Listening on port 51420
1658198862259	Marionette	WARN	TLS certificate errors will be ignored for this session
JavaScript error: jar:file:///E:/Program%20Files/Mozilla%20Firefox/omni.ja!/components/nsPrompter.js, line 435: NS_ERROR_NOT_AVAILABLE: prompt aborted by user
JavaScript error: file:///d:/workspace_python/python-selenium/html/%E6%B3%A8%E5%86%8CA.html, line 77: NS_ERROR_UNEXPECTED: 
*** UTM:SVC TimerManager:registerTimer called after profile-before-change notification. Ignoring timer registration for id: telemetry_modules_ping
JavaScript error: chrome://marionette/content/proxy.js, line 276: NS_ERROR_ILLEGAL_VALUE: Component returned failure code: 0x80070057 (NS_ERROR_ILLEGAL_VALUE) [nsIMessageSender.sendAsyncMessage]
1658198900956	geckodriver	INFO	geckodriver 0.20.1
1658198900967	geckodriver	INFO	Listening on 127.0.0.1:51458
1658198902998	mozrunner::runner	INFO	Running command: "e:\\Program Files\\Mozilla Firefox\\firefox.exe" "-marionette" "-profile" "C:\\Users\\hfzj1\\AppData\\Local\\Temp\\rust_mozprofile.7AbItIb7ZTIL"
Unable to read VR Path Registry from C:\Users\hfzj1\AppData\Local\openvr\openvrpaths.vrpath
1658198903455	Marionette	INFO	Enabled via --marionette
1658198904411	Marionette	INFO	Listening on port 51465
1658198905043	Marionette	WARN	TLS certificate errors will be ignored for this session
*** UTM:SVC TimerManager:registerTimer called after profile-before-change notification. Ignoring timer registration for id: telemetry_modules_ping
1658198996361	geckodriver	INFO	geckodriver 0.20.1
1658198996374	geckodriver	INFO	Listening on 127.0.0.1:51536
1658198998397	mozrunner::runner	INFO	Running command: "e:\\Program Files\\Mozilla Firefox\\firefox.exe" "-marionette" "-profile" "C:\\Users\\hfzj1\\AppData\\Local\\Temp\\rust_mozprofile.7HbPx5UwpYtc"
Unable to read VR Path Registry from C:\Users\hfzj1\AppData\Local\openvr\openvrpaths.vrpath
1658198998857	Marionette	INFO	Enabled via --marionette
1658198999848	Marionette	INFO	Listening on port 51543
1658199000430	Marionette	WARN	TLS certificate errors will be ignored for this session
*** UTM:SVC TimerManager:registerTimer called after profile-before-change notification. Ignoring timer registration for id: telemetry_modules_ping
1658199030903	geckodriver	INFO	geckodriver 0.20.1
1658199030914	geckodriver	INFO	Listening on 127.0.0.1:51580
1658199032956	mozrunner::runner	INFO	Running command: "e:\\Program Files\\Mozilla Firefox\\firefox.exe" "-marionette" "-profile" "C:\\Users\\hfzj1\\AppData\\Local\\Temp\\rust_mozprofile.VS10FUnO14Zr"
Unable to read VR Path Registry from C:\Users\hfzj1\AppData\Local\openvr\openvrpaths.vrpath
1658199033385	Marionette	INFO	Enabled via --marionette
1658199034246	Marionette	INFO	Listening on port 51587
1658199034991	Marionette	WARN	TLS certificate errors will be ignored for this session
*** UTM:SVC TimerManager:registerTimer called after profile-before-change notification. Ignoring timer registration for id: telemetry_modules_ping
1658199040148	geckodriver	INFO	geckodriver 0.20.1
1658199040159	geckodriver	INFO	Listening on 127.0.0.1:51612
1658199042208	mozrunner::runner	INFO	Running command: "e:\\Program Files\\Mozilla Firefox\\firefox.exe" "-marionette" "-profile" "C:\\Users\\hfzj1\\AppData\\Local\\Temp\\rust_mozprofile.O7IwoM9OmRtJ"
Unable to read VR Path Registry from C:\Users\hfzj1\AppData\Local\openvr\openvrpaths.vrpath
1658199042637	Marionette	INFO	Enabled via --marionette
1658199043514	Marionette	INFO	Listening on port 51619
1658199044252	Marionette	WARN	TLS certificate errors will be ignored for this session
*** UTM:SVC TimerManager:registerTimer called after profile-before-change notification. Ignoring timer registration for id: telemetry_modules_ping
1658199068587	geckodriver	INFO	geckodriver 0.20.1
1658199068597	geckodriver	INFO	Listening on 127.0.0.1:51653
1658199070623	mozrunner::runner	INFO	Running command: "e:\\Program Files\\Mozilla Firefox\\firefox.exe" "-marionette" "-profile" "C:\\Users\\hfzj1\\AppData\\Local\\Temp\\rust_mozprofile.fcftGue1TyFC"
Unable to read VR Path Registry from C:\Users\hfzj1\AppData\Local\openvr\openvrpaths.vrpath
1658199071058	Marionette	INFO	Enabled via --marionette
1658199071933	Marionette	INFO	Listening on port 51661
1658199072661	Marionette	WARN	TLS certificate errors will be ignored for this session
*** UTM:SVC TimerManager:registerTimer called after profile-before-change notification. Ignoring timer registration for id: telemetry_modules_ping
1658199109974	geckodriver	INFO	geckodriver 0.20.1
1658199109985	geckodriver	INFO	Listening on 127.0.0.1:51707
1658199112014	mozrunner::runner	INFO	Running command: "e:\\Program Files\\Mozilla Firefox\\firefox.exe" "-marionette" "-profile" "C:\\Users\\hfzj1\\AppData\\Local\\Temp\\rust_mozprofile.MwNK5a9dvUTo"
Unable to read VR Path Registry from C:\Users\hfzj1\AppData\Local\openvr\openvrpaths.vrpath
1658199112441	Marionette	INFO	Enabled via --marionette
1658199113305	Marionette	INFO	Listening on port 51714
1658199114052	Marionette	WARN	TLS certificate errors will be ignored for this session
*** UTM:SVC TimerManager:registerTimer called after profile-before-change notification. Ignoring timer registration for id: telemetry_modules_ping
1658199176565	geckodriver	INFO	geckodriver 0.20.1
1658199176576	geckodriver	INFO	Listening on 127.0.0.1:51799
1658199178619	mozrunner::runner	INFO	Running command: "e:\\Program Files\\Mozilla Firefox\\firefox.exe" "-marionette" "-profile" "C:\\Users\\hfzj1\\AppData\\Local\\Temp\\rust_mozprofile.4R8Ee7yOIzeU"
Unable to read VR Path Registry from C:\Users\hfzj1\AppData\Local\openvr\openvrpaths.vrpath
1658199179041	Marionette	INFO	Enabled via --marionette
1658199179897	Marionette	INFO	Listening on port 51806
1658199180653	Marionette	WARN	TLS certificate errors will be ignored for this session
*** UTM:SVC TimerManager:registerTimer called after profile-before-change notification. Ignoring timer registration for id: telemetry_modules_ping
1658199387222	geckodriver	INFO	geckodriver 0.20.1
1658199387232	geckodriver	INFO	Listening on 127.0.0.1:51965
1658199389289	mozrunner::runner	INFO	Running command: "e:\\Program Files\\Mozilla Firefox\\firefox.exe" "-marionette" "-profile" "C:\\Users\\hfzj1\\AppData\\Local\\Temp\\rust_mozprofile.zPLnIdCSrnGW"
Unable to read VR Path Registry from C:\Users\hfzj1\AppData\Local\openvr\openvrpaths.vrpath
1658199389720	Marionette	INFO	Enabled via --marionette
1658199390587	Marionette	INFO	Listening on port 51972
1658199391320	Marionette	WARN	TLS certificate errors will be ignored for this session
1658199531694	geckodriver	INFO	geckodriver 0.20.1
1658199531706	geckodriver	INFO	Listening on 127.0.0.1:52084
1658199533753	mozrunner::runner	INFO	Running command: "e:\\Program Files\\Mozilla Firefox\\firefox.exe" "-marionette" "-profile" "C:\\Users\\hfzj1\\AppData\\Local\\Temp\\rust_mozprofile.77NXBmxmP0zH"
Unable to read VR Path Registry from C:\Users\hfzj1\AppData\Local\openvr\openvrpaths.vrpath
1658199534189	Marionette	INFO	Enabled via --marionette
1658199535038	Marionette	INFO	Listening on port 52091
1658199535789	Marionette	WARN	TLS certificate errors will be ignored for this session
*** UTM:SVC TimerManager:registerTimer called after profile-before-change notification. Ignoring timer registration for id: telemetry_modules_ping
1658199561727	geckodriver	INFO	geckodriver 0.20.1
1658199561737	geckodriver	INFO	Listening on 127.0.0.1:52124
1658199563769	mozrunner::runner	INFO	Running command: "e:\\Program Files\\Mozilla Firefox\\firefox.exe" "-marionette" "-profile" "C:\\Users\\hfzj1\\AppData\\Local\\Temp\\rust_mozprofile.dIqv5qCVvbWV"
Unable to read VR Path Registry from C:\Users\hfzj1\AppData\Local\openvr\openvrpaths.vrpath
1658199564195	Marionette	INFO	Enabled via --marionette
1658199565055	Marionette	INFO	Listening on port 52133
1658199565813	Marionette	WARN	TLS certificate errors will be ignored for this session
*** UTM:SVC TimerManager:registerTimer called after profile-before-change notification. Ignoring timer registration for id: telemetry_modules_ping
unning command: "e:\\Program Files\\Mozilla Firefox\\firefox.exe" "-marionette" "-profile" "C:\\Users\\hfzj1\\AppData\\Local\\Temp\\rust_mozprofile.QjJlm7HyHfuK"
Unable to read VR Path Registry from C:\Users\hfzj1\AppData\Local\openvr\openvrpaths.vrpath
1658199598130	Marionette	INFO	Enabled via --marionette
1658199599006	Marionette	INFO	Listening on port 52179
1658199599724	Marionette	WARN	TLS certificate errors will be ignored for this session
*** UTM:SVC TimerManager:registerTimer called after profile-before-change notification. Ignoring timer registration for id: telemetry_modules_ping
1658199616102	geckodriver	INFO	geckodriver 0.20.1
1658199616113	geckodriver	INFO	Listening on 127.0.0.1:52206
1658199618135	mozrunner::runner	INFO	Running command: "e:\\Program Files\\Mozilla Firefox\\firefox.exe" "-marionette" "-profile" "C:\\Users\\hfzj1\\AppData\\Local\\Temp\\rust_mozprofile.UIHYSOjOfmVs"
Unable to read VR Path Registry from C:\Users\hfzj1\AppData\Local\openvr\openvrpaths.vrpath
1658199618563	Marionette	INFO	Enabled via --marionette
1658199619426	Marionette	INFO	Listening on port 52213
1658199620174	Marionette	WARN	TLS certificate errors will be ignored for this session
1658199643155	geckodriver	INFO	geckodriver 0.20.1
1658199643166	geckodriver	INFO	Listening on 127.0.0.1:52241
1658199645202	mozrunner::runner	INFO	Running command: "e:\\Program Files\\Mozilla Firefox\\firefox.exe" "-marionette" "-profile" "C:\\Users\\hfzj1\\AppData\\Local\\Temp\\rust_mozprofile.50e078uUVaRQ"
Unable to read VR Path Registry from C:\Users\hfzj1\AppData\Local\openvr\openvrpaths.vrpath
1658199645640	Marionette	INFO	Enabled via --marionette
1658199646507	Marionette	INFO	Listening on port 52248
1658199647236	Marionette	WARN	TLS certificate errors will be ignored for this session
*** UTM:SVC TimerManager:registerTimer called after profile-before-change notification. Ignoring timer registration for id: telemetry_modules_ping
1658199747602	geckodriver	INFO	geckodriver 0.20.1
1658199747613	geckodriver	INFO	Listening on 127.0.0.1:52331
1658199749653	mozrunner::runner	INFO	Running command: "e:\\Program Files\\Mozilla Firefox\\firefox.exe" "-marionette" "-profile" "C:\\Users\\hfzj1\\AppData\\Local\\Temp\\rust_mozprofile.LFYaeNja5sFm"
Unable to read VR Path Registry from C:\Users\hfzj1\AppData\Local\openvr\openvrpaths.vrpath
1658199750088	Marionette	INFO	Enabled via --marionette
1658199750964	Marionette	INFO	Listening on port 52339
1658199751689	Marionette	WARN	TLS certificate errors will be ignored for this session
*** UTM:SVC TimerManager:registerTimer called after profile-before-change notification. Ignoring timer registration for id: telemetry_modules_ping
1658199773333	geckodriver	INFO	geckodriver 0.20.1
1658199773344	geckodriver	INFO	Listening on 127.0.0.1:52422
1658199775383	mozrunner::runner	INFO	Running command: "e:\\Program Files\\Mozilla Firefox\\firefox.exe" "-marionette" "-profile" "C:\\Users\\hfzj1\\AppData\\Local\\Temp\\rust_mozprofile.10KLUE77qFux"
Unable to read VR Path Registry from C:\Users\hfzj1\AppData\Local\openvr\openvrpaths.vrpath
1658199775821	Marionette	INFO	Enabled via --marionette
1658199776702	Marionette	INFO	Listening on port 52429
1658199777421	Marionette	WARN	TLS certificate errors will be ignored for this session
*** UTM:SVC TimerManager:registerTimer called after profile-before-change notification. Ignoring timer registration for id: telemetry_modules_ping
unning command: "e:\\Program Files\\Mozilla Firefox\\firefox.exe" "-marionette" "-profile" "C:\\Users\\hfzj1\\AppData\\Local\\Temp\\rust_mozprofile.4zDJlge6tHDa"
Unable to read VR Path Registry from C:\Users\hfzj1\AppData\Local\openvr\openvrpaths.vrpath
1658199789883	Marionette	INFO	Enabled via --marionette
1658199790746	Marionette	INFO	Listening on port 52476
1658199791477	Marionette	WARN	TLS certificate errors will be ignored for this session
*** UTM:SVC TimerManager:registerTimer called after profile-before-change notification. Ignoring timer registration for id: telemetry_modules_ping
1658199807359	geckodriver	INFO	geckodriver 0.20.1
1658199807370	geckodriver	INFO	Listening on 127.0.0.1:52531
1658199809411	mozrunner::runner	INFO	Running command: "e:\\Program Files\\Mozilla Firefox\\firefox.exe" "-marionette" "-profile" "C:\\Users\\hfzj1\\AppData\\Local\\Temp\\rust_mozprofile.y2MFoE662sxk"
Unable to read VR Path Registry from C:\Users\hfzj1\AppData\Local\openvr\openvrpaths.vrpath
1658199809837	Marionette	INFO	Enabled via --marionette
1658199810694	Marionette	INFO	Listening on port 52539
1658199811446	Marionette	WARN	TLS certificate errors will be ignored for this session
*** UTM:SVC TimerManager:registerTimer called after profile-before-change notification. Ignoring timer registration for id: telemetry_modules_ping
1658199820354	geckodriver	INFO	geckodriver 0.20.1
1658199820366	geckodriver	INFO	Listening on 127.0.0.1:52590
1658199822399	mozrunner::runner	INFO	Running command: "e:\\Program Files\\Mozilla Firefox\\firefox.exe" "-marionette" "-profile" "C:\\Users\\hfzj1\\AppData\\Local\\Temp\\rust_mozprofile.qhN9rimhN4mZ"
Unable to read VR Path Registry from C:\Users\hfzj1\AppData\Local\openvr\openvrpaths.vrpath
1658199822824	Marionette	INFO	Enabled via --marionette
1658199823691	Marionette	INFO	Listening on port 52597
1658199824435	Marionette	WARN	TLS certificate errors will be ignored for this session
*** UTM:SVC TimerManager:registerTimer called after profile-before-change notification. Ignoring timer registration for id: telemetry_modules_ping
1658200016948	geckodriver	INFO	geckodriver 0.20.1
1658200016959	geckodriver	INFO	Listening on 127.0.0.1:52770
1658200018998	mozrunner::runner	INFO	Running command: "e:\\Program Files\\Mozilla Firefox\\firefox.exe" "-marionette" "-profile" "C:\\Users\\hfzj1\\AppData\\Local\\Temp\\rust_mozprofile.noxe9DtadNer"
Unable to read VR Path Registry from C:\Users\hfzj1\AppData\Local\openvr\openvrpaths.vrpath
1658200019432	Marionette	INFO	Enabled via --marionette
1658200020308	Marionette	INFO	Listening on port 52778
1658200021039	Marionette	WARN	TLS certificate errors will be ignored for this session
*** UTM:SVC TimerManager:registerTimer called after profile-before-change notification. Ignoring timer registration for id: telemetry_modules_ping
1658200045058	geckodriver	INFO	geckodriver 0.20.1
1658200045070	geckodriver	INFO	Listening on 127.0.0.1:52808
1658200047102	mozrunner::runner	INFO	Running command: "e:\\Program Files\\Mozilla Firefox\\firefox.exe" "-marionette" "-profile" "C:\\Users\\hfzj1\\AppData\\Local\\Temp\\rust_mozprofile.W825E456Zp3a"
Unable to read VR Path Registry from C:\Users\hfzj1\AppData\Local\openvr\openvrpaths.vrpath
1658200047532	Marionette	INFO	Enabled via --marionette
1658200048390	Marionette	INFO	Listening on port 52815
1658200049139	Marionette	WARN	TLS certificate errors will be ignored for this session
1658200164698	geckodriver	INFO	geckodriver 0.20.1
1658200164710	geckodriver	INFO	Listening on 127.0.0.1:52904
1658200166749	mozrunner::runner	INFO	Running command: "e:\\Program Files\\Mozilla Firefox\\firefox.exe" "-marionette" "-profile" "C:\\Users\\hfzj1\\AppData\\Local\\Temp\\rust_mozprofile.86AQCy1qeve8"
Unable to read VR Path Registry from C:\Users\hfzj1\AppData\Local\openvr\openvrpaths.vrpath
1658200167181	Marionette	INFO	Enabled via --marionette
1658200168047	Marionette	INFO	Listening on port 52911
1658200168783	Marionette	WARN	TLS certificate errors will be ignored for this session
*** UTM:SVC TimerManager:registerTimer called after profile-before-change notification. Ignoring timer registration for id: telemetry_modules_ping
unning command: "e:\\Program Files\\Mozilla Firefox\\firefox.exe" "-marionette" "-profile" "C:\\Users\\hfzj1\\AppData\\Local\\Temp\\rust_mozprofile.wqsjkceeeBL1"
Unable to read VR Path Registry from C:\Users\hfzj1\AppData\Local\openvr\openvrpaths.vrpath
1658200185857	Marionette	INFO	Enabled via --marionette
1658200186724	Marionette	INFO	Listening on port 52946
1658200187458	Marionette	WARN	TLS certificate errors will be ignored for this session
*** UTM:SVC TimerManager:registerTimer called after profile-before-change notification. Ignoring timer registration for id: telemetry_modules_ping
1658200199239	geckodriver	INFO	geckodriver 0.20.1
1658200199250	geckodriver	INFO	Listening on 127.0.0.1:52985
1658200201297	mozrunner::runner	INFO	Running command: "e:\\Program Files\\Mozilla Firefox\\firefox.exe" "-marionette" "-profile" "C:\\Users\\hfzj1\\AppData\\Local\\Temp\\rust_mozprofile.Qx4BvVmb3bhL"
Unable to read VR Path Registry from C:\Users\hfzj1\AppData\Local\openvr\openvrpaths.vrpath
1658200201735	Marionette	INFO	Enabled via --marionette
1658200202603	Marionette	INFO	Listening on port 52992
1658200203334	Marionette	WARN	TLS certificate errors will be ignored for this session
*** UTM:SVC TimerManager:registerTimer called after profile-before-change notification. Ignoring timer registration for id: telemetry_modules_ping
1658200210648	geckodriver	INFO	geckodriver 0.20.1
1658200210659	geckodriver	INFO	Listening on 127.0.0.1:53025
1658200212714	mozrunner::runner	INFO	Running command: "e:\\Program Files\\Mozilla Firefox\\firefox.exe" "-marionette" "-profile" "C:\\Users\\hfzj1\\AppData\\Local\\Temp\\rust_mozprofile.kOQ27lx7qN3J"
Unable to read VR Path Registry from C:\Users\hfzj1\AppData\Local\openvr\openvrpaths.vrpath
1658200213136	Marionette	INFO	Enabled via --marionette
1658200213998	Marionette	INFO	Listening on port 53032
1658200214742	Marionette	WARN	TLS certificate errors will be ignored for this session
*** UTM:SVC TimerManager:registerTimer called after profile-before-change notification. Ignoring timer registration for id: telemetry_modules_ping
1658200292716	geckodriver	INFO	geckodriver 0.20.1
1658200292726	geckodriver	INFO	Listening on 127.0.0.1:53109
1658200294770	mozrunner::runner	INFO	Running command: "e:\\Program Files\\Mozilla Firefox\\firefox.exe" "-marionette" "-profile" "C:\\Users\\hfzj1\\AppData\\Local\\Temp\\rust_mozprofile.tq1ZJ54tbGCG"
Unable to read VR Path Registry from C:\Users\hfzj1\AppData\Local\openvr\openvrpaths.vrpath
1658200295205	Marionette	INFO	Enabled via --marionette
1658200296052	Marionette	INFO	Listening on port 53116
1658200296809	Marionette	WARN	TLS certificate errors will be ignored for this session
*** UTM:SVC TimerManager:registerTimer called after profile-before-change notification. Ignoring timer registration for id: telemetry_modules_ping
1658200333455	geckodriver	INFO	geckodriver 0.20.1
1658200333466	geckodriver	INFO	Listening on 127.0.0.1:53155
1658200335508	mozrunner::runner	INFO	Running command: "e:\\Program Files\\Mozilla Firefox\\firefox.exe" "-marionette" "-profile" "C:\\Users\\hfzj1\\AppData\\Local\\Temp\\rust_mozprofile.YUs738GDW89d"
Unable to read VR Path Registry from C:\Users\hfzj1\AppData\Local\openvr\openvrpaths.vrpath
1658200335937	Marionette	INFO	Enabled via --marionette
1658200336792	Marionette	INFO	Listening on port 53162
1658200337548	Marionette	WARN	TLS certificate errors will be ignored for this session
*** UTM:SVC TimerManager:registerTimer called after profile-before-change notification. Ignoring timer registration for id: telemetry_modules_ping
1658200363565	geckodriver	INFO	geckodriver 0.20.1
1658200363576	geckodriver	INFO	Listening on 127.0.0.1:53194
1658200365605	mozrunner::runner	INFO	Running command: "e:\\Program Files\\Mozilla Firefox\\firefox.exe" "-marionette" "-profile" "C:\\Users\\hfzj1\\AppData\\Local\\Temp\\rust_mozprofile.98gEmiX9IBEI"
Unable to read VR Path Registry from C:\Users\hfzj1\AppData\Local\openvr\openvrpaths.vrpath
1658200366048	Marionette	INFO	Enabled via --marionette
1658200366911	Marionette	INFO	Listening on port 53202
1658200367650	Marionette	WARN	TLS certificate errors will be ignored for this session
*** UTM:SVC TimerManager:registerTimer called after profile-before-change notification. Ignoring timer registration for id: telemetry_modules_ping
1658200485662	geckodriver	INFO	geckodriver 0.20.1
1658200485672	geckodriver	INFO	Listening on 127.0.0.1:53315
1658200487715	mozrunner::runner	INFO	Running command: "e:\\Program Files\\Mozilla Firefox\\firefox.exe" "-marionette" "-profile" "C:\\Users\\hfzj1\\AppData\\Local\\Temp\\rust_mozprofile.YoGV7X2sXWBl"
Unable to read VR Path Registry from C:\Users\hfzj1\AppData\Local\openvr\openvrpaths.vrpath
1658200488145	Marionette	INFO	Enabled via --marionette
1658200489007	Marionette	INFO	Listening on port 53323
1658200489754	Marionette	WARN	TLS certificate errors will be ignored for this session
*** UTM:SVC TimerManager:registerTimer called after profile-before-change notification. Ignoring timer registration for id: telemetry_modules_ping
1658200522503	geckodriver	INFO	geckodriver 0.20.1
1658200522514	geckodriver	INFO	Listening on 127.0.0.1:53359
1658200524552	mozrunner::runner	INFO	Running command: "e:\\Program Files\\Mozilla Firefox\\firefox.exe" "-marionette" "-profile" "C:\\Users\\hfzj1\\AppData\\Local\\Temp\\rust_mozprofile.ezE4kqEvwu5k"
Unable to read VR Path Registry from C:\Users\hfzj1\AppData\Local\openvr\openvrpaths.vrpath
1658200524997	Marionette	INFO	Enabled via --marionette
1658200525849	Marionette	INFO	Listening on port 53366
1658200526588	Marionette	WARN	TLS certificate errors will be ignored for this session
*** UTM:SVC TimerManager:registerTimer called after profile-before-change notification. Ignoring timer registration for id: telemetry_modules_ping
1658200542968	geckodriver	INFO	geckodriver 0.20.1
1658200542981	geckodriver	INFO	Listening on 127.0.0.1:53399
1658200545026	mozrunner::runner	INFO	Running command: "e:\\Program Files\\Mozilla Firefox\\firefox.exe" "-marionette" "-profile" "C:\\Users\\hfzj1\\AppData\\Local\\Temp\\rust_mozprofile.Co6IbzDOv0U0"
Unable to read VR Path Registry from C:\Users\hfzj1\AppData\Local\openvr\openvrpaths.vrpath
1658200545459	Marionette	INFO	Enabled via --marionette
1658200546334	Marionette	INFO	Listening on port 53406
1658200547056	Marionette	WARN	TLS certificate errors will be ignored for this session
*** UTM:SVC TimerManager:registerTimer called after profile-before-change notification. Ignoring timer registration for id: telemetry_modules_ping
1658200570371	geckodriver	INFO	geckodriver 0.20.1
1658200570382	geckodriver	INFO	Listening on 127.0.0.1:53445
1658200572432	mozrunner::runner	INFO	Running command: "e:\\Program Files\\Mozilla Firefox\\firefox.exe" "-marionette" "-profile" "C:\\Users\\hfzj1\\AppData\\Local\\Temp\\rust_mozprofile.mkDrNnNk39Ta"
Unable to read VR Path Registry from C:\Users\hfzj1\AppData\Local\openvr\openvrpaths.vrpath
1658200572855	Marionette	INFO	Enabled via --marionette
1658200573727	Marionette	INFO	Listening on port 53452
1658200574466	Marionette	WARN	TLS certificate errors will be ignored for this session
*** UTM:SVC TimerManager:registerTimer called after profile-before-change notification. Ignoring timer registration for id: telemetry_modules_ping
1658200599464	geckodriver	INFO	geckodriver 0.20.1
1658200599475	geckodriver	INFO	Listening on 127.0.0.1:53497
1658200601518	mozrunner::runner	INFO	Running command: "e:\\Program Files\\Mozilla Firefox\\firefox.exe" "-marionette" "-profile" "C:\\Users\\hfzj1\\AppData\\Local\\Temp\\rust_mozprofile.hHypHFaSldFS"
Unable to read VR Path Registry from C:\Users\hfzj1\AppData\Local\openvr\openvrpaths.vrpath
1658200601963	Marionette	INFO	Enabled via --marionette
1658200602821	Marionette	INFO	Listening on port 53504
1658200603554	Marionette	WARN	TLS certificate errors will be ignored for this session
*** UTM:SVC TimerManager:registerTimer called after profile-before-change notification. Ignoring timer registration for id: telemetry_modules_ping
1658200630022	geckodriver	INFO	geckodriver 0.20.1
1658200630033	geckodriver	INFO	Listening on 127.0.0.1:53541
1658200632092	mozrunner::runner	INFO	Running command: "e:\\Program Files\\Mozilla Firefox\\firefox.exe" "-marionette" "-profile" "C:\\Users\\hfzj1\\AppData\\Local\\Temp\\rust_mozprofile.mwpC6dAcxr7Z"
Unable to read VR Path Registry from C:\Users\hfzj1\AppData\Local\openvr\openvrpaths.vrpath
1658200632524	Marionette	INFO	Enabled via --marionette
1658200633387	Marionette	INFO	Listening on port 53549
1658200634125	Marionette	WARN	TLS certificate errors will be ignored for this session
*** UTM:SVC TimerManager:registerTimer called after profile-before-change notification. Ignoring timer registration for id: telemetry_modules_ping
1658200644670	geckodriver	INFO	geckodriver 0.20.1
1658200644681	geckodriver	INFO	Listening on 127.0.0.1:53574
1658200646715	mozrunner::runner	INFO	Running command: "e:\\Program Files\\Mozilla Firefox\\firefox.exe" "-marionette" "-profile" "C:\\Users\\hfzj1\\AppData\\Local\\Temp\\rust_mozprofile.olC6k6UGUkeV"
Unable to read VR Path Registry from C:\Users\hfzj1\AppData\Local\openvr\openvrpaths.vrpath
1658200647134	Marionette	INFO	Enabled via --marionette
1658200647983	Marionette	INFO	Listening on port 53581
1658200648756	Marionette	WARN	TLS certificate errors will be ignored for this session
*** UTM:SVC TimerManager:registerTimer called after profile-before-change notification. Ignoring timer registration for id: telemetry_modules_ping
1658200928447	geckodriver	INFO	geckodriver 0.20.1
1658200928458	geckodriver	INFO	Listening on 127.0.0.1:53768
1658200930485	mozrunner::runner	INFO	Running command: "e:\\Program Files\\Mozilla Firefox\\firefox.exe" "-marionette" "-profile" "C:\\Users\\hfzj1\\AppData\\Local\\Temp\\rust_mozprofile.RlNpA5YTdZZ8"
Unable to read VR Path Registry from C:\Users\hfzj1\AppData\Local\openvr\openvrpaths.vrpath
1658200930941	Marionette	INFO	Enabled via --marionette
1658200931821	Marionette	INFO	Listening on port 53776
1658200932519	Marionette	WARN	TLS certificate errors will be ignored for this session
*** UTM:SVC TimerManager:registerTimer called after profile-before-change notification. Ignoring timer registration for id: telemetry_modules_ping
1658201010649	geckodriver	INFO	geckodriver 0.20.1
1658201010660	geckodriver	INFO	Listening on 127.0.0.1:53889
1658201012700	mozrunner::runner	INFO	Running command: "e:\\Program Files\\Mozilla Firefox\\firefox.exe" "-marionette" "-profile" "C:\\Users\\hfzj1\\AppData\\Local\\Temp\\rust_mozprofile.FJ80RG8RAv0s"
Unable to read VR Path Registry from C:\Users\hfzj1\AppData\Local\openvr\openvrpaths.vrpath
1658201013122	Marionette	INFO	Enabled via --marionette
1658201013993	Marionette	INFO	Listening on port 53898
1658201014735	Marionette	WARN	TLS certificate errors will be ignored for this session
*** UTM:SVC TimerManager:registerTimer called after profile-before-change notification. Ignoring timer registration for id: telemetry_modules_ping
